<?xml version="1.0" encoding="UTF-8"?><testrun name="client" project="DedicatedRAMs" tests="37" started="37" failures="3" errors="0" ignored="0">
  <testsuite name="client.Tests.ChessBoardTest" time="0.034" displayname="ChessBoardTest" uniqueid="[engine:junit-jupiter]/[class:client.Tests.ChessBoardTest]">
    <testcase name="testPlacePiecePositionIllegalCharacter" classname="client.Tests.ChessBoardTest" time="0.001" displayname="testPlacePiecePositionIllegalCharacter()" uniqueid="[engine:junit-jupiter]/[class:client.Tests.ChessBoardTest]/[method:testPlacePiecePositionIllegalCharacter()]"/>
    <testcase name="testGetPiecePositionLength" classname="client.Tests.ChessBoardTest" time="0.006" displayname="testGetPiecePositionLength()" uniqueid="[engine:junit-jupiter]/[class:client.Tests.ChessBoardTest]/[method:testGetPiecePositionLength()]"/>
    <testcase name="testGetPiecePositionIllegalCharacter" classname="client.Tests.ChessBoardTest" time="0.003" displayname="testGetPiecePositionIllegalCharacter()" uniqueid="[engine:junit-jupiter]/[class:client.Tests.ChessBoardTest]/[method:testGetPiecePositionIllegalCharacter()]"/>
    <testcase name="testInitializedBoard" classname="client.Tests.ChessBoardTest" time="0.008" displayname="testInitializedBoard()" uniqueid="[engine:junit-jupiter]/[class:client.Tests.ChessBoardTest]/[method:testInitializedBoard()]">
      <failure>org.opentest4j.AssertionFailedError: Position should return a piece. ==&gt; expected: not equal but was: &lt;null&gt;
	at org.junit.jupiter.api.AssertionUtils.fail(AssertionUtils.java:39)
	at org.junit.jupiter.api.AssertNotEquals.failEqual(AssertNotEquals.java:276)
	at org.junit.jupiter.api.AssertNotEquals.assertNotEquals(AssertNotEquals.java:265)
	at org.junit.jupiter.api.Assertions.assertNotEquals(Assertions.java:2756)
	at client.Tests.ChessBoardTest.testInitializedBoard(ChessBoardTest.java:86)
	at java.base/jdk.internal.reflect.NativeMethodAccessorImpl.invoke0(Native Method)
	at java.base/jdk.internal.reflect.NativeMethodAccessorImpl.invoke(NativeMethodAccessorImpl.java:62)
	at java.base/jdk.internal.reflect.DelegatingMethodAccessorImpl.invoke(DelegatingMethodAccessorImpl.java:43)
	at java.base/java.lang.reflect.Method.invoke(Method.java:564)
	at org.junit.platform.commons.util.ReflectionUtils.invokeMethod(ReflectionUtils.java:675)
	at org.junit.jupiter.engine.execution.MethodInvocation.proceed(MethodInvocation.java:60)
	at org.junit.jupiter.engine.execution.InvocationInterceptorChain$ValidatingInvocation.proceed(InvocationInterceptorChain.java:125)
	at org.junit.jupiter.engine.extension.TimeoutExtension.intercept(TimeoutExtension.java:132)
	at org.junit.jupiter.engine.extension.TimeoutExtension.interceptTestableMethod(TimeoutExtension.java:124)
	at org.junit.jupiter.engine.extension.TimeoutExtension.interceptTestMethod(TimeoutExtension.java:74)
	at org.junit.jupiter.engine.execution.ExecutableInvoker$ReflectiveInterceptorCall.lambda$ofVoidMethod$0(ExecutableInvoker.java:115)
	at org.junit.jupiter.engine.execution.ExecutableInvoker.lambda$invoke$0(ExecutableInvoker.java:105)
	at org.junit.jupiter.engine.execution.InvocationInterceptorChain$InterceptedInvocation.proceed(InvocationInterceptorChain.java:104)
	at org.junit.jupiter.engine.execution.InvocationInterceptorChain.proceed(InvocationInterceptorChain.java:62)
	at org.junit.jupiter.engine.execution.InvocationInterceptorChain.chainAndInvoke(InvocationInterceptorChain.java:43)
	at org.junit.jupiter.engine.execution.InvocationInterceptorChain.invoke(InvocationInterceptorChain.java:35)
	at org.junit.jupiter.engine.execution.ExecutableInvoker.invoke(ExecutableInvoker.java:104)
	at org.junit.jupiter.engine.execution.ExecutableInvoker.invoke(ExecutableInvoker.java:98)
	at org.junit.jupiter.engine.descriptor.TestMethodTestDescriptor.lambda$invokeTestMethod$6(TestMethodTestDescriptor.java:202)
	at org.junit.platform.engine.support.hierarchical.ThrowableCollector.execute(ThrowableCollector.java:73)
	at org.junit.jupiter.engine.descriptor.TestMethodTestDescriptor.invokeTestMethod(TestMethodTestDescriptor.java:198)
	at org.junit.jupiter.engine.descriptor.TestMethodTestDescriptor.execute(TestMethodTestDescriptor.java:135)
	at org.junit.jupiter.engine.descriptor.TestMethodTestDescriptor.execute(TestMethodTestDescriptor.java:69)
	at org.junit.platform.engine.support.hierarchical.NodeTestTask.lambda$executeRecursively$5(NodeTestTask.java:135)
	at org.junit.platform.engine.support.hierarchical.ThrowableCollector.execute(ThrowableCollector.java:73)
	at org.junit.platform.engine.support.hierarchical.NodeTestTask.lambda$executeRecursively$7(NodeTestTask.java:125)
	at org.junit.platform.engine.support.hierarchical.Node.around(Node.java:135)
	at org.junit.platform.engine.support.hierarchical.NodeTestTask.lambda$executeRecursively$8(NodeTestTask.java:123)
	at org.junit.platform.engine.support.hierarchical.ThrowableCollector.execute(ThrowableCollector.java:73)
	at org.junit.platform.engine.support.hierarchical.NodeTestTask.executeRecursively(NodeTestTask.java:122)
	at org.junit.platform.engine.support.hierarchical.NodeTestTask.execute(NodeTestTask.java:80)
	at java.base/java.util.ArrayList.forEach(ArrayList.java:1378)
	at org.junit.platform.engine.support.hierarchical.SameThreadHierarchicalTestExecutorService.invokeAll(SameThreadHierarchicalTestExecutorService.java:38)
	at org.junit.platform.engine.support.hierarchical.NodeTestTask.lambda$executeRecursively$5(NodeTestTask.java:139)
	at org.junit.platform.engine.support.hierarchical.ThrowableCollector.execute(ThrowableCollector.java:73)
	at org.junit.platform.engine.support.hierarchical.NodeTestTask.lambda$executeRecursively$7(NodeTestTask.java:125)
	at org.junit.platform.engine.support.hierarchical.Node.around(Node.java:135)
	at org.junit.platform.engine.support.hierarchical.NodeTestTask.lambda$executeRecursively$8(NodeTestTask.java:123)
	at org.junit.platform.engine.support.hierarchical.ThrowableCollector.execute(ThrowableCollector.java:73)
	at org.junit.platform.engine.support.hierarchical.NodeTestTask.executeRecursively(NodeTestTask.java:122)
	at org.junit.platform.engine.support.hierarchical.NodeTestTask.execute(NodeTestTask.java:80)
	at java.base/java.util.ArrayList.forEach(ArrayList.java:1378)
	at org.junit.platform.engine.support.hierarchical.SameThreadHierarchicalTestExecutorService.invokeAll(SameThreadHierarchicalTestExecutorService.java:38)
	at org.junit.platform.engine.support.hierarchical.NodeTestTask.lambda$executeRecursively$5(NodeTestTask.java:139)
	at org.junit.platform.engine.support.hierarchical.ThrowableCollector.execute(ThrowableCollector.java:73)
	at org.junit.platform.engine.support.hierarchical.NodeTestTask.lambda$executeRecursively$7(NodeTestTask.java:125)
	at org.junit.platform.engine.support.hierarchical.Node.around(Node.java:135)
	at org.junit.platform.engine.support.hierarchical.NodeTestTask.lambda$executeRecursively$8(NodeTestTask.java:123)
	at org.junit.platform.engine.support.hierarchical.ThrowableCollector.execute(ThrowableCollector.java:73)
	at org.junit.platform.engine.support.hierarchical.NodeTestTask.executeRecursively(NodeTestTask.java:122)
	at org.junit.platform.engine.support.hierarchical.NodeTestTask.execute(NodeTestTask.java:80)
	at org.junit.platform.engine.support.hierarchical.SameThreadHierarchicalTestExecutorService.submit(SameThreadHierarchicalTestExecutorService.java:32)
	at org.junit.platform.engine.support.hierarchical.HierarchicalTestExecutor.execute(HierarchicalTestExecutor.java:57)
	at org.junit.platform.engine.support.hierarchical.HierarchicalTestEngine.execute(HierarchicalTestEngine.java:51)
	at org.junit.platform.launcher.core.DefaultLauncher.execute(DefaultLauncher.java:229)
	at org.junit.platform.launcher.core.DefaultLauncher.lambda$execute$6(DefaultLauncher.java:197)
	at org.junit.platform.launcher.core.DefaultLauncher.withInterceptedStreams(DefaultLauncher.java:211)
	at org.junit.platform.launcher.core.DefaultLauncher.execute(DefaultLauncher.java:191)
	at org.junit.platform.launcher.core.DefaultLauncher.execute(DefaultLauncher.java:137)
	at org.eclipse.jdt.internal.junit5.runner.JUnit5TestReference.run(JUnit5TestReference.java:89)
	at org.eclipse.jdt.internal.junit.runner.TestExecution.run(TestExecution.java:41)
	at org.eclipse.jdt.internal.junit.runner.RemoteTestRunner.runTests(RemoteTestRunner.java:542)
	at org.eclipse.jdt.internal.junit.runner.RemoteTestRunner.runTests(RemoteTestRunner.java:770)
	at org.eclipse.jdt.internal.junit.runner.RemoteTestRunner.run(RemoteTestRunner.java:464)
	at org.eclipse.jdt.internal.junit.runner.RemoteTestRunner.main(RemoteTestRunner.java:210)

</failure>
    </testcase>
    <testcase name="testPlacePieceAlreadyFilledSameColor" classname="client.Tests.ChessBoardTest" time="0.001" displayname="testPlacePieceAlreadyFilledSameColor()" uniqueid="[engine:junit-jupiter]/[class:client.Tests.ChessBoardTest]/[method:testPlacePieceAlreadyFilledSameColor()]"/>
    <testcase name="testPlacePieceCorrect" classname="client.Tests.ChessBoardTest" time="0.001" displayname="testPlacePieceCorrect()" uniqueid="[engine:junit-jupiter]/[class:client.Tests.ChessBoardTest]/[method:testPlacePieceCorrect()]"/>
    <testcase name="testGetPieceNull" classname="client.Tests.ChessBoardTest" time="0.002" displayname="testGetPieceNull()" uniqueid="[engine:junit-jupiter]/[class:client.Tests.ChessBoardTest]/[method:testGetPieceNull()]"/>
    <testcase name="testGetPieceNotNull" classname="client.Tests.ChessBoardTest" time="0.002" displayname="testGetPieceNotNull()" uniqueid="[engine:junit-jupiter]/[class:client.Tests.ChessBoardTest]/[method:testGetPieceNotNull()]"/>
    <testcase name="testPlacePieceAlreadyFilledDifferentColor" classname="client.Tests.ChessBoardTest" time="0.001" displayname="testPlacePieceAlreadyFilledDifferentColor()" uniqueid="[engine:junit-jupiter]/[class:client.Tests.ChessBoardTest]/[method:testPlacePieceAlreadyFilledDifferentColor()]"/>
    <testcase name="testPlacePiecePositionLength" classname="client.Tests.ChessBoardTest" time="0.008" displayname="testPlacePiecePositionLength()" uniqueid="[engine:junit-jupiter]/[class:client.Tests.ChessBoardTest]/[method:testPlacePiecePositionLength()]"/>
  </testsuite>
  <testsuite name="client.Tests.TestClient" time="0.014" displayname="TestClient" uniqueid="[engine:junit-jupiter]/[class:client.Tests.TestClient]">
    <testcase name="testConnectionSucceed" classname="client.Tests.TestClient" time="0.006" displayname="testConnectionSucceed()" uniqueid="[engine:junit-jupiter]/[class:client.Tests.TestClient]/[method:testConnectionSucceed()]"/>
    <testcase name="testConnectionFailed" classname="client.Tests.TestClient" time="0.004" displayname="testConnectionFailed()" uniqueid="[engine:junit-jupiter]/[class:client.Tests.TestClient]/[method:testConnectionFailed()]"/>
    <testcase name="testResponseWithNothing" classname="client.Tests.TestClient" time="0.001" displayname="testResponseWithNothing()" uniqueid="[engine:junit-jupiter]/[class:client.Tests.TestClient]/[method:testResponseWithNothing()]"/>
    <testcase name="testInitialValues" classname="client.Tests.TestClient" time="0.003" displayname="testInitialValues()" uniqueid="[engine:junit-jupiter]/[class:client.Tests.TestClient]/[method:testInitialValues()]"/>
  </testsuite>
  <testsuite name="client.Tests.QueenTest" time="0.014" displayname="QueenTest" uniqueid="[engine:junit-jupiter]/[class:client.QueenTest]">
    <testcase name="testGetColor" classname="client.Tests.QueenTest" time="0.001" displayname="testGetColor()" uniqueid="[engine:junit-jupiter]/[class:client.QueenTest]/[method:testGetColor()]"/>
    <testcase name="testToString" classname="client.Tests.QueenTest" time="0.001" displayname="testToString()" uniqueid="[engine:junit-jupiter]/[class:client.QueenTest]/[method:testToString()]"/>
    <testcase name="testLegalMoves1" classname="client.Tests.QueenTest" time="0.001" displayname="testLegalMoves1()" uniqueid="[engine:junit-jupiter]/[class:client.QueenTest]/[method:testLegalMoves1()]"/>
    <testcase name="testLegalMoves2" classname="client.Tests.QueenTest" time="0.001" displayname="testLegalMoves2()" uniqueid="[engine:junit-jupiter]/[class:client.QueenTest]/[method:testLegalMoves2()]"/>
    <testcase name="testLegalMoves3" classname="client.Tests.QueenTest" time="0.001" displayname="testLegalMoves3()" uniqueid="[engine:junit-jupiter]/[class:client.QueenTest]/[method:testLegalMoves3()]"/>
    <testcase name="testLegalMoves4" classname="client.Tests.QueenTest" time="0.0" displayname="testLegalMoves4()" uniqueid="[engine:junit-jupiter]/[class:client.QueenTest]/[method:testLegalMoves4()]"/>
    <testcase name="testSetPositionPositionLength" classname="client.Tests.QueenTest" time="0.002" displayname="testSetPositionPositionLength()" uniqueid="[engine:junit-jupiter]/[class:client.QueenTest]/[method:testSetPositionPositionLength()]"/>
    <testcase name="testSetPositionIllegalCharacter" classname="client.Tests.QueenTest" time="0.002" displayname="testSetPositionIllegalCharacter()" uniqueid="[engine:junit-jupiter]/[class:client.QueenTest]/[method:testSetPositionIllegalCharacter()]"/>
    <testcase name="testGetPositionWithSetting" classname="client.Tests.QueenTest" time="0.001" displayname="testGetPositionWithSetting()" uniqueid="[engine:junit-jupiter]/[class:client.QueenTest]/[method:testGetPositionWithSetting()]"/>
    <testcase name="testInitialValues" classname="client.Tests.QueenTest" time="0.001" displayname="testInitialValues()" uniqueid="[engine:junit-jupiter]/[class:client.QueenTest]/[method:testInitialValues()]"/>
    <testcase name="testSetPositionCorrect" classname="client.Tests.QueenTest" time="0.003" displayname="testSetPositionCorrect()" uniqueid="[engine:junit-jupiter]/[class:client.QueenTest]/[method:testSetPositionCorrect()]"/>
  </testsuite>
  <testsuite name="client.Tests.KingTest" time="0.012" displayname="KingTest" uniqueid="[engine:junit-jupiter]/[class:client.Tests.KingTest]">
    <testcase name="testToString" classname="client.Tests.KingTest" time="0.001" displayname="testToString()" uniqueid="[engine:junit-jupiter]/[class:client.Tests.KingTest]/[method:testToString()]"/>
    <testcase name="testLegalMovesBlack1" classname="client.Tests.KingTest" time="0.001" displayname="testLegalMovesBlack1()" uniqueid="[engine:junit-jupiter]/[class:client.Tests.KingTest]/[method:testLegalMovesBlack1()]"/>
    <testcase name="testLegalMovesBlack2" classname="client.Tests.KingTest" time="0.002" displayname="testLegalMovesBlack2()" uniqueid="[engine:junit-jupiter]/[class:client.Tests.KingTest]/[method:testLegalMovesBlack2()]"/>
    <testcase name="testLegalMovesWhite1" classname="client.Tests.KingTest" time="0.002" displayname="testLegalMovesWhite1()" uniqueid="[engine:junit-jupiter]/[class:client.Tests.KingTest]/[method:testLegalMovesWhite1()]"/>
    <testcase name="testLegalMovesWhite2" classname="client.Tests.KingTest" time="0.006" displayname="testLegalMovesWhite2()" uniqueid="[engine:junit-jupiter]/[class:client.Tests.KingTest]/[method:testLegalMovesWhite2()]">
      <failure>
        <expected>0</expected>
        <actual>4</actual>
        org.opentest4j.AssertionFailedError: Expect no possible moves. ==&gt; expected: &lt;0&gt; but was: &lt;4&gt;
	at org.junit.jupiter.api.AssertionUtils.fail(AssertionUtils.java:55)
	at org.junit.jupiter.api.AssertionUtils.failNotEqual(AssertionUtils.java:62)
	at org.junit.jupiter.api.AssertEquals.assertEquals(AssertEquals.java:150)
	at org.junit.jupiter.api.Assertions.assertEquals(Assertions.java:542)
	at client.Tests.KingTest.testLegalMovesWhite2(KingTest.java:47)
	at java.base/jdk.internal.reflect.NativeMethodAccessorImpl.invoke0(Native Method)
	at java.base/jdk.internal.reflect.NativeMethodAccessorImpl.invoke(NativeMethodAccessorImpl.java:62)
	at java.base/jdk.internal.reflect.DelegatingMethodAccessorImpl.invoke(DelegatingMethodAccessorImpl.java:43)
	at java.base/java.lang.reflect.Method.invoke(Method.java:564)
	at org.junit.platform.commons.util.ReflectionUtils.invokeMethod(ReflectionUtils.java:675)
	at org.junit.jupiter.engine.execution.MethodInvocation.proceed(MethodInvocation.java:60)
	at org.junit.jupiter.engine.execution.InvocationInterceptorChain$ValidatingInvocation.proceed(InvocationInterceptorChain.java:125)
	at org.junit.jupiter.engine.extension.TimeoutExtension.intercept(TimeoutExtension.java:132)
	at org.junit.jupiter.engine.extension.TimeoutExtension.interceptTestableMethod(TimeoutExtension.java:124)
	at org.junit.jupiter.engine.extension.TimeoutExtension.interceptTestMethod(TimeoutExtension.java:74)
	at org.junit.jupiter.engine.execution.ExecutableInvoker$ReflectiveInterceptorCall.lambda$ofVoidMethod$0(ExecutableInvoker.java:115)
	at org.junit.jupiter.engine.execution.ExecutableInvoker.lambda$invoke$0(ExecutableInvoker.java:105)
	at org.junit.jupiter.engine.execution.InvocationInterceptorChain$InterceptedInvocation.proceed(InvocationInterceptorChain.java:104)
	at org.junit.jupiter.engine.execution.InvocationInterceptorChain.proceed(InvocationInterceptorChain.java:62)
	at org.junit.jupiter.engine.execution.InvocationInterceptorChain.chainAndInvoke(InvocationInterceptorChain.java:43)
	at org.junit.jupiter.engine.execution.InvocationInterceptorChain.invoke(InvocationInterceptorChain.java:35)
	at org.junit.jupiter.engine.execution.ExecutableInvoker.invoke(ExecutableInvoker.java:104)
	at org.junit.jupiter.engine.execution.ExecutableInvoker.invoke(ExecutableInvoker.java:98)
	at org.junit.jupiter.engine.descriptor.TestMethodTestDescriptor.lambda$invokeTestMethod$6(TestMethodTestDescriptor.java:202)
	at org.junit.platform.engine.support.hierarchical.ThrowableCollector.execute(ThrowableCollector.java:73)
	at org.junit.jupiter.engine.descriptor.TestMethodTestDescriptor.invokeTestMethod(TestMethodTestDescriptor.java:198)
	at org.junit.jupiter.engine.descriptor.TestMethodTestDescriptor.execute(TestMethodTestDescriptor.java:135)
	at org.junit.jupiter.engine.descriptor.TestMethodTestDescriptor.execute(TestMethodTestDescriptor.java:69)
	at org.junit.platform.engine.support.hierarchical.NodeTestTask.lambda$executeRecursively$5(NodeTestTask.java:135)
	at org.junit.platform.engine.support.hierarchical.ThrowableCollector.execute(ThrowableCollector.java:73)
	at org.junit.platform.engine.support.hierarchical.NodeTestTask.lambda$executeRecursively$7(NodeTestTask.java:125)
	at org.junit.platform.engine.support.hierarchical.Node.around(Node.java:135)
	at org.junit.platform.engine.support.hierarchical.NodeTestTask.lambda$executeRecursively$8(NodeTestTask.java:123)
	at org.junit.platform.engine.support.hierarchical.ThrowableCollector.execute(ThrowableCollector.java:73)
	at org.junit.platform.engine.support.hierarchical.NodeTestTask.executeRecursively(NodeTestTask.java:122)
	at org.junit.platform.engine.support.hierarchical.NodeTestTask.execute(NodeTestTask.java:80)
	at java.base/java.util.ArrayList.forEach(ArrayList.java:1378)
	at org.junit.platform.engine.support.hierarchical.SameThreadHierarchicalTestExecutorService.invokeAll(SameThreadHierarchicalTestExecutorService.java:38)
	at org.junit.platform.engine.support.hierarchical.NodeTestTask.lambda$executeRecursively$5(NodeTestTask.java:139)
	at org.junit.platform.engine.support.hierarchical.ThrowableCollector.execute(ThrowableCollector.java:73)
	at org.junit.platform.engine.support.hierarchical.NodeTestTask.lambda$executeRecursively$7(NodeTestTask.java:125)
	at org.junit.platform.engine.support.hierarchical.Node.around(Node.java:135)
	at org.junit.platform.engine.support.hierarchical.NodeTestTask.lambda$executeRecursively$8(NodeTestTask.java:123)
	at org.junit.platform.engine.support.hierarchical.ThrowableCollector.execute(ThrowableCollector.java:73)
	at org.junit.platform.engine.support.hierarchical.NodeTestTask.executeRecursively(NodeTestTask.java:122)
	at org.junit.platform.engine.support.hierarchical.NodeTestTask.execute(NodeTestTask.java:80)
	at java.base/java.util.ArrayList.forEach(ArrayList.java:1378)
	at org.junit.platform.engine.support.hierarchical.SameThreadHierarchicalTestExecutorService.invokeAll(SameThreadHierarchicalTestExecutorService.java:38)
	at org.junit.platform.engine.support.hierarchical.NodeTestTask.lambda$executeRecursively$5(NodeTestTask.java:139)
	at org.junit.platform.engine.support.hierarchical.ThrowableCollector.execute(ThrowableCollector.java:73)
	at org.junit.platform.engine.support.hierarchical.NodeTestTask.lambda$executeRecursively$7(NodeTestTask.java:125)
	at org.junit.platform.engine.support.hierarchical.Node.around(Node.java:135)
	at org.junit.platform.engine.support.hierarchical.NodeTestTask.lambda$executeRecursively$8(NodeTestTask.java:123)
	at org.junit.platform.engine.support.hierarchical.ThrowableCollector.execute(ThrowableCollector.java:73)
	at org.junit.platform.engine.support.hierarchical.NodeTestTask.executeRecursively(NodeTestTask.java:122)
	at org.junit.platform.engine.support.hierarchical.NodeTestTask.execute(NodeTestTask.java:80)
	at org.junit.platform.engine.support.hierarchical.SameThreadHierarchicalTestExecutorService.submit(SameThreadHierarchicalTestExecutorService.java:32)
	at org.junit.platform.engine.support.hierarchical.HierarchicalTestExecutor.execute(HierarchicalTestExecutor.java:57)
	at org.junit.platform.engine.support.hierarchical.HierarchicalTestEngine.execute(HierarchicalTestEngine.java:51)
	at org.junit.platform.launcher.core.DefaultLauncher.execute(DefaultLauncher.java:229)
	at org.junit.platform.launcher.core.DefaultLauncher.lambda$execute$6(DefaultLauncher.java:197)
	at org.junit.platform.launcher.core.DefaultLauncher.withInterceptedStreams(DefaultLauncher.java:211)
	at org.junit.platform.launcher.core.DefaultLauncher.execute(DefaultLauncher.java:191)
	at org.junit.platform.launcher.core.DefaultLauncher.execute(DefaultLauncher.java:137)
	at org.eclipse.jdt.internal.junit5.runner.JUnit5TestReference.run(JUnit5TestReference.java:89)
	at org.eclipse.jdt.internal.junit.runner.TestExecution.run(TestExecution.java:41)
	at org.eclipse.jdt.internal.junit.runner.RemoteTestRunner.runTests(RemoteTestRunner.java:542)
	at org.eclipse.jdt.internal.junit.runner.RemoteTestRunner.runTests(RemoteTestRunner.java:770)
	at org.eclipse.jdt.internal.junit.runner.RemoteTestRunner.run(RemoteTestRunner.java:464)
	at org.eclipse.jdt.internal.junit.runner.RemoteTestRunner.main(RemoteTestRunner.java:210)


      </failure>
    </testcase>
  </testsuite>
  <testsuite name="client.Tests.KnightTest" time="0.029" displayname="KnightTest" uniqueid="[engine:junit-jupiter]/[class:client.Tests.KnightTest]">
    <testcase name="legalCaptureMoves" classname="client.Tests.KnightTest" time="0.007" displayname="legalCaptureMoves()" uniqueid="[engine:junit-jupiter]/[class:client.Tests.KnightTest]/[method:legalCaptureMoves()]"/>
    <testcase name="testToString" classname="client.Tests.KnightTest" time="0.006" displayname="testToString()" uniqueid="[engine:junit-jupiter]/[class:client.Tests.KnightTest]/[method:testToString()]"/>
    <testcase name="legalMoves" classname="client.Tests.KnightTest" time="0.013" displayname="legalMoves()" uniqueid="[engine:junit-jupiter]/[class:client.Tests.KnightTest]/[method:legalMoves()]"/>
    <testcase name="noLegalMoves" classname="client.Tests.KnightTest" time="0.003" displayname="noLegalMoves()" uniqueid="[engine:junit-jupiter]/[class:client.Tests.KnightTest]/[method:noLegalMoves()]"/>
  </testsuite>
  <testsuite name="client.Tests.BishopTest" time="0.011" displayname="BishopTest" uniqueid="[engine:junit-jupiter]/[class:client.BishopTest]">
    <testcase name="testBishopSetPosition" classname="client.Tests.BishopTest" time="0.005" displayname="testBishopSetPosition()" uniqueid="[engine:junit-jupiter]/[class:client.BishopTest]/[method:testBishopSetPosition()]"/>
    <testcase name="testBishopToString" classname="client.Tests.BishopTest" time="0.002" displayname="testBishopToString()" uniqueid="[engine:junit-jupiter]/[class:client.BishopTest]/[method:testBishopToString()]"/>
    <testcase name="testBishopLegalMoves" classname="client.Tests.BishopTest" time="0.004" displayname="testBishopLegalMoves()" uniqueid="[engine:junit-jupiter]/[class:client.BishopTest]/[method:testBishopLegalMoves()]">
      <failure>
        <expected>true</expected>
        <actual>false</actual>
        org.opentest4j.AssertionFailedError: Legal moves should contain a5 ==&gt; expected: &lt;true&gt; but was: &lt;false&gt;
	at org.junit.jupiter.api.AssertionUtils.fail(AssertionUtils.java:55)
	at org.junit.jupiter.api.AssertTrue.assertTrue(AssertTrue.java:40)
	at org.junit.jupiter.api.Assertions.assertTrue(Assertions.java:193)
	at client.Tests.BishopTest.testBishopLegalMoves(BishopTest.java:34)
	at java.base/jdk.internal.reflect.NativeMethodAccessorImpl.invoke0(Native Method)
	at java.base/jdk.internal.reflect.NativeMethodAccessorImpl.invoke(NativeMethodAccessorImpl.java:62)
	at java.base/jdk.internal.reflect.DelegatingMethodAccessorImpl.invoke(DelegatingMethodAccessorImpl.java:43)
	at java.base/java.lang.reflect.Method.invoke(Method.java:564)
	at org.junit.platform.commons.util.ReflectionUtils.invokeMethod(ReflectionUtils.java:675)
	at org.junit.jupiter.engine.execution.MethodInvocation.proceed(MethodInvocation.java:60)
	at org.junit.jupiter.engine.execution.InvocationInterceptorChain$ValidatingInvocation.proceed(InvocationInterceptorChain.java:125)
	at org.junit.jupiter.engine.extension.TimeoutExtension.intercept(TimeoutExtension.java:132)
	at org.junit.jupiter.engine.extension.TimeoutExtension.interceptTestableMethod(TimeoutExtension.java:124)
	at org.junit.jupiter.engine.extension.TimeoutExtension.interceptTestMethod(TimeoutExtension.java:74)
	at org.junit.jupiter.engine.execution.ExecutableInvoker$ReflectiveInterceptorCall.lambda$ofVoidMethod$0(ExecutableInvoker.java:115)
	at org.junit.jupiter.engine.execution.ExecutableInvoker.lambda$invoke$0(ExecutableInvoker.java:105)
	at org.junit.jupiter.engine.execution.InvocationInterceptorChain$InterceptedInvocation.proceed(InvocationInterceptorChain.java:104)
	at org.junit.jupiter.engine.execution.InvocationInterceptorChain.proceed(InvocationInterceptorChain.java:62)
	at org.junit.jupiter.engine.execution.InvocationInterceptorChain.chainAndInvoke(InvocationInterceptorChain.java:43)
	at org.junit.jupiter.engine.execution.InvocationInterceptorChain.invoke(InvocationInterceptorChain.java:35)
	at org.junit.jupiter.engine.execution.ExecutableInvoker.invoke(ExecutableInvoker.java:104)
	at org.junit.jupiter.engine.execution.ExecutableInvoker.invoke(ExecutableInvoker.java:98)
	at org.junit.jupiter.engine.descriptor.TestMethodTestDescriptor.lambda$invokeTestMethod$6(TestMethodTestDescriptor.java:202)
	at org.junit.platform.engine.support.hierarchical.ThrowableCollector.execute(ThrowableCollector.java:73)
	at org.junit.jupiter.engine.descriptor.TestMethodTestDescriptor.invokeTestMethod(TestMethodTestDescriptor.java:198)
	at org.junit.jupiter.engine.descriptor.TestMethodTestDescriptor.execute(TestMethodTestDescriptor.java:135)
	at org.junit.jupiter.engine.descriptor.TestMethodTestDescriptor.execute(TestMethodTestDescriptor.java:69)
	at org.junit.platform.engine.support.hierarchical.NodeTestTask.lambda$executeRecursively$5(NodeTestTask.java:135)
	at org.junit.platform.engine.support.hierarchical.ThrowableCollector.execute(ThrowableCollector.java:73)
	at org.junit.platform.engine.support.hierarchical.NodeTestTask.lambda$executeRecursively$7(NodeTestTask.java:125)
	at org.junit.platform.engine.support.hierarchical.Node.around(Node.java:135)
	at org.junit.platform.engine.support.hierarchical.NodeTestTask.lambda$executeRecursively$8(NodeTestTask.java:123)
	at org.junit.platform.engine.support.hierarchical.ThrowableCollector.execute(ThrowableCollector.java:73)
	at org.junit.platform.engine.support.hierarchical.NodeTestTask.executeRecursively(NodeTestTask.java:122)
	at org.junit.platform.engine.support.hierarchical.NodeTestTask.execute(NodeTestTask.java:80)
	at java.base/java.util.ArrayList.forEach(ArrayList.java:1378)
	at org.junit.platform.engine.support.hierarchical.SameThreadHierarchicalTestExecutorService.invokeAll(SameThreadHierarchicalTestExecutorService.java:38)
	at org.junit.platform.engine.support.hierarchical.NodeTestTask.lambda$executeRecursively$5(NodeTestTask.java:139)
	at org.junit.platform.engine.support.hierarchical.ThrowableCollector.execute(ThrowableCollector.java:73)
	at org.junit.platform.engine.support.hierarchical.NodeTestTask.lambda$executeRecursively$7(NodeTestTask.java:125)
	at org.junit.platform.engine.support.hierarchical.Node.around(Node.java:135)
	at org.junit.platform.engine.support.hierarchical.NodeTestTask.lambda$executeRecursively$8(NodeTestTask.java:123)
	at org.junit.platform.engine.support.hierarchical.ThrowableCollector.execute(ThrowableCollector.java:73)
	at org.junit.platform.engine.support.hierarchical.NodeTestTask.executeRecursively(NodeTestTask.java:122)
	at org.junit.platform.engine.support.hierarchical.NodeTestTask.execute(NodeTestTask.java:80)
	at java.base/java.util.ArrayList.forEach(ArrayList.java:1378)
	at org.junit.platform.engine.support.hierarchical.SameThreadHierarchicalTestExecutorService.invokeAll(SameThreadHierarchicalTestExecutorService.java:38)
	at org.junit.platform.engine.support.hierarchical.NodeTestTask.lambda$executeRecursively$5(NodeTestTask.java:139)
	at org.junit.platform.engine.support.hierarchical.ThrowableCollector.execute(ThrowableCollector.java:73)
	at org.junit.platform.engine.support.hierarchical.NodeTestTask.lambda$executeRecursively$7(NodeTestTask.java:125)
	at org.junit.platform.engine.support.hierarchical.Node.around(Node.java:135)
	at org.junit.platform.engine.support.hierarchical.NodeTestTask.lambda$executeRecursively$8(NodeTestTask.java:123)
	at org.junit.platform.engine.support.hierarchical.ThrowableCollector.execute(ThrowableCollector.java:73)
	at org.junit.platform.engine.support.hierarchical.NodeTestTask.executeRecursively(NodeTestTask.java:122)
	at org.junit.platform.engine.support.hierarchical.NodeTestTask.execute(NodeTestTask.java:80)
	at org.junit.platform.engine.support.hierarchical.SameThreadHierarchicalTestExecutorService.submit(SameThreadHierarchicalTestExecutorService.java:32)
	at org.junit.platform.engine.support.hierarchical.HierarchicalTestExecutor.execute(HierarchicalTestExecutor.java:57)
	at org.junit.platform.engine.support.hierarchical.HierarchicalTestEngine.execute(HierarchicalTestEngine.java:51)
	at org.junit.platform.launcher.core.DefaultLauncher.execute(DefaultLauncher.java:229)
	at org.junit.platform.launcher.core.DefaultLauncher.lambda$execute$6(DefaultLauncher.java:197)
	at org.junit.platform.launcher.core.DefaultLauncher.withInterceptedStreams(DefaultLauncher.java:211)
	at org.junit.platform.launcher.core.DefaultLauncher.execute(DefaultLauncher.java:191)
	at org.junit.platform.launcher.core.DefaultLauncher.execute(DefaultLauncher.java:137)
	at org.eclipse.jdt.internal.junit5.runner.JUnit5TestReference.run(JUnit5TestReference.java:89)
	at org.eclipse.jdt.internal.junit.runner.TestExecution.run(TestExecution.java:41)
	at org.eclipse.jdt.internal.junit.runner.RemoteTestRunner.runTests(RemoteTestRunner.java:542)
	at org.eclipse.jdt.internal.junit.runner.RemoteTestRunner.runTests(RemoteTestRunner.java:770)
	at org.eclipse.jdt.internal.junit.runner.RemoteTestRunner.run(RemoteTestRunner.java:464)
	at org.eclipse.jdt.internal.junit.runner.RemoteTestRunner.main(RemoteTestRunner.java:210)


      </failure>
    </testcase>
  </testsuite>
</testrun>
